<?xml version="1.0" encoding="UTF-8"?>
<testsuites name="Item Add Automation" time="288" tests="0" failures="1" errors="0">
   <testsuite name="Item Add Automation" tests="0" failures="1" errors="0" time="288" timestamp="2018-07-11 10:58:22" hostname="Benjamin - 10.3.129.28" id="Test Suites/Item Add Automation">
      <properties>
         <property name="deviceName" value=""/>
         <property name="devicePlatform" value=""/>
         <property name="logFolder" value="C:\\Users\\Benjamin\\Katalon Studio\\Infor_LawsonV10\\Reports\\Item Add Automation\\20180711_105819"/>
         <property name="logFiles" value="C:\\Users\\Benjamin\\Katalon Studio\\Infor_LawsonV10\\Reports\\Item Add Automation\\20180711_105819\\execution0.log"/>
         <property name="attachments" value="C:\\Users\\Benjamin\\Katalon Studio\\Infor_LawsonV10\\Reports\\Item Add Automation\\20180711_105819\\1531324738133.png, C:\\Users\\Benjamin\\Katalon Studio\\Infor_LawsonV10\\Reports\\Item Add Automation\\20180711_105819\\1531324740172.png, C:\\Users\\Benjamin\\Katalon Studio\\Infor_LawsonV10\\Reports\\Item Add Automation\\20180711_105819\\1531324743780.png, C:\\Users\\Benjamin\\Katalon Studio\\Infor_LawsonV10\\Reports\\Item Add Automation\\20180711_105819\\1531324745554.png"/>
         <property name="hostName" value="Benjamin - 10.3.129.28"/>
         <property name="os" value="Windows 10 64bit"/>
         <property name="katalonVersion" value="5.4.2.1"/>
         <property name="browser" value="Chrome 67.0.3396.99"/>
         <property name="hostAddress" value="10.3.129.28"/>
         <property name="sessionId" value="871fb3f56546ab406374436ded8f6ff5"/>
         <property name="seleniumVersion" value="3.7.1"/>
         <property name="proxyInformation" value="ProxyInformation{proxyOption=NO_PROXY, proxyServerType=HTTP, password=, proxyServerAddress=, proxyServerPort=0}"/>
         <property name="platform" value="Windows 10"/>
      </properties>
      <testcase name="Test Cases/Custom Automations/ZI11-Add" classname="Test Cases/Custom Automations/ZI11-Add" status="FAILED">
         <failure type="FAILED" message="Unable to get text of object 'Object Repository/mainS3/3_Forms/v_status_message' (Root cause: org.openqa.selenium.UnhandledAlertException: unexpected alert open
  (Session info: chrome=67.0.3396.99)
  (Driver info: chromedriver=2.35.528161 (5b82f2d2aae0ca24b877009200ced9065a772e73),platform=Windows NT 10.0.17134 x86_64) (WARNING: The server did not provide any stacktrace information)
Command duration or timeout: 0 milliseconds: null
Build info: version: '3.7.1', revision: '8a0099a', time: '2017-11-06T21:07:36.161Z'
System info: host: 'DESKTOP-JOMH3MQ', ip: '10.3.129.28', os.name: 'Windows 10', os.arch: 'amd64', os.version: '10.0', java.version: '1.8.0_102'
Driver info: com.kms.katalon.selenium.driver.CChromeDriver
Capabilities {acceptInsecureCerts: false, acceptSslCerts: false, applicationCacheEnabled: false, browserConnectionEnabled: false, browserName: chrome, chrome: {chromedriverVersion: 2.35.528161 (5b82f2d2aae0ca..., userDataDir: C:\Users\Benjamin\AppData\L...}, cssSelectorsEnabled: true, databaseEnabled: false, handlesAlerts: true, hasTouchScreen: false, javascriptEnabled: true, locationContextEnabled: true, mobileEmulationEnabled: false, nativeEvents: true, networkConnectionEnabled: false, pageLoadStrategy: normal, platform: XP, platformName: XP, rotatable: false, setWindowRect: true, takesHeapSnapshot: true, takesScreenshot: true, unexpectedAlertBehaviour: , unhandledPromptBehavior: , version: 67.0.3396.99, webStorageEnabled: true}
Session ID: 871fb3f56546ab406374436ded8f6ff5
*** Element info: {Using=xpath, value=//*[@class= &quot;drillback-message&quot;]/SPAN[2]})"/>
         <system-out><![CDATA[2018-07-11 10:58:23 - [TEST_CASE][FAILED] - Test Cases/Custom Automations/ZI11-Add: Test Cases/Custom Automations/ZI11-Add FAILED because (of) Unable to get text of object 'Object Repository/mainS3/3_Forms/v_status_message' (Root cause: org.openqa.selenium.UnhandledAlertException: unexpected alert open
  (Session info: chrome=67.0.3396.99)
  (Driver info: chromedriver=2.35.528161 (5b82f2d2aae0ca24b877009200ced9065a772e73),platform=Windows NT 10.0.17134 x86_64) (WARNING: The server did not provide any stacktrace information)
Command duration or timeout: 0 milliseconds: null
Build info: version: '3.7.1', revision: '8a0099a', time: '2017-11-06T21:07:36.161Z'
System info: host: 'DESKTOP-JOMH3MQ', ip: '10.3.129.28', os.name: 'Windows 10', os.arch: 'amd64', os.version: '10.0', java.version: '1.8.0_102'
Driver info: com.kms.katalon.selenium.driver.CChromeDriver
Capabilities {acceptInsecureCerts: false, acceptSslCerts: false, applicationCacheEnabled: false, browserConnectionEnabled: false, browserName: chrome, chrome: {chromedriverVersion: 2.35.528161 (5b82f2d2aae0ca..., userDataDir: C:\Users\Benjamin\AppData\L...}, cssSelectorsEnabled: true, databaseEnabled: false, handlesAlerts: true, hasTouchScreen: false, javascriptEnabled: true, locationContextEnabled: true, mobileEmulationEnabled: false, nativeEvents: true, networkConnectionEnabled: false, pageLoadStrategy: normal, platform: XP, platformName: XP, rotatable: false, setWindowRect: true, takesHeapSnapshot: true, takesScreenshot: true, unexpectedAlertBehaviour: , unhandledPromptBehavior: , version: 67.0.3396.99, webStorageEnabled: true}
Session ID: 871fb3f56546ab406374436ded8f6ff5
*** Element info: {Using=xpath, value=//*[@class= "drillback-message"]/SPAN[2]})

2018-07-11 10:58:24 - [TEST_STEP][PASSED] - mainS3.portal.login: mainS3.portal.login is PASSED

2018-07-11 10:58:36 - [MESSAGE][PASSED] - Browser is opened with url: 'http://bdlawlsf1.us.chs.net/lawson/portal/'

2018-07-11 10:58:36 - [MESSAGE][PASSED] - Wait for page load successfully

2018-07-11 10:58:41 - [MESSAGE][PASSED] - Object 'Object Repository/mainS3/1_Login/input__ssoUser' is visible

2018-07-11 10:58:42 - [MESSAGE][PASSED] - Keys 'bhouglan' sent to object: 'Object Repository/mainS3/1_Login/input__ssoUser'

2018-07-11 10:58:42 - [MESSAGE][PASSED] - Keys 'Ze18gna18$$$$' sent to object: 'Object Repository/mainS3/1_Login/input__ssoPass'

2018-07-11 10:58:43 - [MESSAGE][PASSED] - Object: 'Object Repository/mainS3/1_Login/button_Login' is clicked on

2018-07-11 10:58:43 - [MESSAGE][PASSED] - mainS3.portal.login is PASSED

2018-07-11 10:58:43 - [TEST_STEP][PASSED] - mainS3.portal.goToForm: mainS3.portal.goToForm is PASSED

2018-07-11 10:58:45 - [MESSAGE][PASSED] - Object 'Object Repository/mainS3/2_portal/input_findText' is visible

2018-07-11 10:58:45 - [MESSAGE][PASSED] - Keys 'ZI11.1' sent to object: 'Object Repository/mainS3/2_portal/input_findText'

2018-07-11 10:58:46 - [MESSAGE][PASSED] - Object: 'Object Repository/mainS3/2_portal/button_LAWMENUBTNSEARCH' is clicked on

2018-07-11 10:58:46 - [MESSAGE][PASSED] - Wait for page load successfully

2018-07-11 10:58:46 - [MESSAGE][PASSED] - mainS3.portal.goToForm is PASSED

2018-07-11 10:58:46 - [TEST_STEP][PASSED] - mainS3.form.populateLineFields: mainS3.form.populateLineFields is PASSED

2018-07-11 10:58:48 - [MESSAGE][PASSED] - Attribute 'class' of object 'Object Repository/mainS3/3_Forms/v_main_field_selector' is: 'inforTextbox'

2018-07-11 10:58:48 - [MESSAGE][PASSED] - Attribute 'id' of object 'Object Repository/mainS3/3_Forms/v_main_field_selector' is: '_f98r0'

2018-07-11 10:58:48 - [MESSAGE][PASSED] - Attribute 'name' of object 'Object Repository/mainS3/3_Forms/v_main_field_selector' is: 'TF0-4'

2018-07-11 10:58:48 - [MESSAGE][PASSED] - Attribute 'class' of object 'Object Repository/mainS3/3_Forms/v_main_field_selector' is: 'inforLookupField'

2018-07-11 10:58:49 - [MESSAGE][PASSED] - Attribute 'id' of object 'Object Repository/mainS3/3_Forms/v_main_field_selector' is: '_f97r0'

2018-07-11 10:58:49 - [MESSAGE][PASSED] - Attribute 'name' of object 'Object Repository/mainS3/3_Forms/v_main_field_selector' is: 'TF0-4'

2018-07-11 10:58:49 - [MESSAGE][PASSED] - Attribute 'class' of object 'Object Repository/mainS3/3_Forms/v_main_field_selector' is: 'inforLookupField'

2018-07-11 10:58:49 - [MESSAGE][PASSED] - Attribute 'id' of object 'Object Repository/mainS3/3_Forms/v_main_field_selector' is: '_f94r0'

2018-07-11 10:58:49 - [MESSAGE][PASSED] - Attribute 'name' of object 'Object Repository/mainS3/3_Forms/v_main_field_selector' is: 'TF0-4'

2018-07-11 10:58:50 - [MESSAGE][PASSED] - Attribute 'class' of object 'Object Repository/mainS3/3_Forms/v_main_field_selector' is: 'inforTextbox'

2018-07-11 10:58:50 - [MESSAGE][PASSED] - Attribute 'id' of object 'Object Repository/mainS3/3_Forms/v_main_field_selector' is: '_f34r0'

2018-07-11 10:58:50 - [MESSAGE][PASSED] - Attribute 'name' of object 'Object Repository/mainS3/3_Forms/v_main_field_selector' is: 'TF0-1'

2018-07-11 10:58:50 - [MESSAGE][PASSED] - Attribute 'class' of object 'Object Repository/mainS3/3_Forms/v_main_field_selector' is: 'inforTextbox'

2018-07-11 10:58:50 - [MESSAGE][PASSED] - Attribute 'id' of object 'Object Repository/mainS3/3_Forms/v_main_field_selector' is: '_f33r0'

2018-07-11 10:58:51 - [MESSAGE][PASSED] - Attribute 'name' of object 'Object Repository/mainS3/3_Forms/v_main_field_selector' is: 'TF0-1'

2018-07-11 10:58:51 - [MESSAGE][PASSED] - Attribute 'class' of object 'Object Repository/mainS3/3_Forms/v_main_field_selector' is: 'inforLookupField'

2018-07-11 10:58:51 - [MESSAGE][PASSED] - Attribute 'id' of object 'Object Repository/mainS3/3_Forms/v_main_field_selector' is: '_f32r0'

2018-07-11 10:58:51 - [MESSAGE][PASSED] - Attribute 'name' of object 'Object Repository/mainS3/3_Forms/v_main_field_selector' is: 'TF0-1'

2018-07-11 10:58:51 - [MESSAGE][PASSED] - Attribute 'class' of object 'Object Repository/mainS3/3_Forms/v_main_field_selector' is: 'inforLookupField inforTextbox'

2018-07-11 10:58:51 - [MESSAGE][PASSED] - Attribute 'id' of object 'Object Repository/mainS3/3_Forms/v_main_field_selector' is: '_f16r0'

2018-07-11 10:58:52 - [MESSAGE][PASSED] - Attribute 'name' of object 'Object Repository/mainS3/3_Forms/v_main_field_selector' is: 'TF0-0'

2018-07-11 10:58:52 - [MESSAGE][PASSED] - Attribute 'class' of object 'Object Repository/mainS3/3_Forms/v_main_field_selector' is: 'inforLookupField'

2018-07-11 10:58:52 - [MESSAGE][PASSED] - Attribute 'id' of object 'Object Repository/mainS3/3_Forms/v_main_field_selector' is: '_f27r0'

2018-07-11 10:58:52 - [MESSAGE][PASSED] - Attribute 'name' of object 'Object Repository/mainS3/3_Forms/v_main_field_selector' is: 'TF0-1'

2018-07-11 10:58:53 - [MESSAGE][PASSED] - Attribute 'class' of object 'Object Repository/mainS3/3_Forms/v_main_field_selector' is: 'inforLookupField'

2018-07-11 10:58:53 - [MESSAGE][PASSED] - Attribute 'id' of object 'Object Repository/mainS3/3_Forms/v_main_field_selector' is: '_f25r0'

2018-07-11 10:58:53 - [MESSAGE][PASSED] - Attribute 'name' of object 'Object Repository/mainS3/3_Forms/v_main_field_selector' is: 'TF0-1'

2018-07-11 10:58:53 - [MESSAGE][PASSED] - Attribute 'class' of object 'Object Repository/mainS3/3_Forms/v_main_field_selector' is: 'inforTextbox'

2018-07-11 10:58:53 - [MESSAGE][PASSED] - Attribute 'id' of object 'Object Repository/mainS3/3_Forms/v_main_field_selector' is: '_f22r0'

2018-07-11 10:58:54 - [MESSAGE][PASSED] - Attribute 'name' of object 'Object Repository/mainS3/3_Forms/v_main_field_selector' is: 'TF0-0'

2018-07-11 10:58:54 - [MESSAGE][PASSED] - Attribute 'class' of object 'Object Repository/mainS3/3_Forms/v_main_field_selector' is: 'inforTextbox'

2018-07-11 10:58:54 - [MESSAGE][PASSED] - Attribute 'id' of object 'Object Repository/mainS3/3_Forms/v_main_field_selector' is: '_f21r0'

2018-07-11 10:58:54 - [MESSAGE][PASSED] - Attribute 'name' of object 'Object Repository/mainS3/3_Forms/v_main_field_selector' is: 'TF0-0'

2018-07-11 10:58:54 - [MESSAGE][PASSED] - Attribute 'class' of object 'Object Repository/mainS3/3_Forms/v_main_field_selector' is: 'inforLookupField inforTextbox'

2018-07-11 10:58:54 - [MESSAGE][PASSED] - Attribute 'id' of object 'Object Repository/mainS3/3_Forms/v_main_field_selector' is: '_f20r0'

2018-07-11 10:58:55 - [MESSAGE][PASSED] - Attribute 'name' of object 'Object Repository/mainS3/3_Forms/v_main_field_selector' is: 'TF0-0'

2018-07-11 10:58:55 - [MESSAGE][PASSED] - Attribute 'class' of object 'Object Repository/mainS3/3_Forms/v_main_field_selector' is: 'inforTextbox'

2018-07-11 10:58:55 - [MESSAGE][PASSED] - Attribute 'id' of object 'Object Repository/mainS3/3_Forms/v_main_field_selector' is: '_f12r0'

2018-07-11 10:58:55 - [MESSAGE][PASSED] - Attribute 'name' of object 'Object Repository/mainS3/3_Forms/v_main_field_selector' is: 'DT0'

2018-07-11 10:58:55 - [MESSAGE][PASSED] - Attribute 'class' of object 'Object Repository/mainS3/3_Forms/v_main_field_selector' is: 'inforDropDownList'

2018-07-11 10:58:56 - [MESSAGE][PASSED] - Attribute 'id' of object 'Object Repository/mainS3/3_Forms/v_main_field_selector' is: '_f9r0'

2018-07-11 10:58:56 - [MESSAGE][PASSED] - Attribute 'name' of object 'Object Repository/mainS3/3_Forms/v_main_field_selector' is: 'DT0'

2018-07-11 10:58:57 - [MESSAGE][PASSED] - Keys 'VARNISH DNTL WHT VANISH 22600' sent to object: 'Object Repository/mainS3/3_Forms/v_main_field_selector'

2018-07-11 10:58:57 - [MESSAGE][PASSED] - Keys 'A - Add' sent to object: 'Object Repository/mainS3/3_Forms/v_main_field_selector'

2018-07-11 10:58:58 - [MESSAGE][PASSED] - Taking screenshot successfully
[[ATTACHMENT|C:\\Users\\Benjamin\\Katalon Studio\\Infor_LawsonV10\\Reports\\Item Add Automation\\20180711_105819\\1531324738133.png]]

2018-07-11 10:58:58 - [MESSAGE][PASSED] - Object: 'Object Repository/mainS3/3_Forms/v_tab_button_select' is clicked on

2018-07-11 10:58:59 - [MESSAGE][PASSED] - Keys '1489' sent to object: 'Object Repository/mainS3/3_Forms/v_main_field_selector'

2018-07-11 10:58:59 - [MESSAGE][PASSED] - Keys '12149LA' sent to object: 'Object Repository/mainS3/3_Forms/v_main_field_selector'

2018-07-11 10:58:59 - [MESSAGE][PASSED] - Keys 'DENT' sent to object: 'Object Repository/mainS3/3_Forms/v_main_field_selector'

2018-07-11 10:59:00 - [MESSAGE][PASSED] - Keys '3M' sent to object: 'Object Repository/mainS3/3_Forms/v_main_field_selector'

2018-07-11 10:59:00 - [MESSAGE][PASSED] - Taking screenshot successfully
[[ATTACHMENT|C:\\Users\\Benjamin\\Katalon Studio\\Infor_LawsonV10\\Reports\\Item Add Automation\\20180711_105819\\1531324740172.png]]

2018-07-11 10:59:01 - [MESSAGE][PASSED] - Object: 'Object Repository/mainS3/3_Forms/v_tab_button_select' is clicked on

2018-07-11 10:59:01 - [MESSAGE][PASSED] - Keys '50' sent to object: 'Object Repository/mainS3/3_Forms/v_main_field_selector'

2018-07-11 10:59:02 - [MESSAGE][PASSED] - Keys '10' sent to object: 'Object Repository/mainS3/3_Forms/v_main_field_selector'

2018-07-11 10:59:02 - [MESSAGE][PASSED] - Keys 'CA' sent to object: 'Object Repository/mainS3/3_Forms/v_main_field_selector'

2018-07-11 10:59:03 - [MESSAGE][PASSED] - Keys '12149LA' sent to object: 'Object Repository/mainS3/3_Forms/v_main_field_selector'

2018-07-11 10:59:03 - [MESSAGE][PASSED] - Keys '1001230' sent to object: 'Object Repository/mainS3/3_Forms/v_main_field_selector'

2018-07-11 10:59:04 - [MESSAGE][PASSED] - Taking screenshot successfully
[[ATTACHMENT|C:\\Users\\Benjamin\\Katalon Studio\\Infor_LawsonV10\\Reports\\Item Add Automation\\20180711_105819\\1531324743780.png]]

2018-07-11 10:59:04 - [MESSAGE][PASSED] - Object: 'Object Repository/mainS3/3_Forms/v_tab_button_select' is clicked on

2018-07-11 10:59:04 - [MESSAGE][PASSED] - Keys '5' sent to object: 'Object Repository/mainS3/3_Forms/v_main_field_selector'

2018-07-11 10:59:05 - [MESSAGE][PASSED] - Keys 'BX' sent to object: 'Object Repository/mainS3/3_Forms/v_main_field_selector'

2018-07-11 10:59:05 - [MESSAGE][PASSED] - Keys 'EA' sent to object: 'Object Repository/mainS3/3_Forms/v_main_field_selector'

2018-07-11 10:59:05 - [MESSAGE][PASSED] - Taking screenshot successfully
[[ATTACHMENT|C:\\Users\\Benjamin\\Katalon Studio\\Infor_LawsonV10\\Reports\\Item Add Automation\\20180711_105819\\1531324745554.png]]

2018-07-11 10:59:05 - [MESSAGE][PASSED] - mainS3.form.populateLineFields is PASSED

2018-07-11 10:59:05 - [TEST_STEP][FAILED] - mainS3.form.formActionWithStatus: Unable to get text of object 'Object Repository/mainS3/3_Forms/v_status_message' (Root cause: org.openqa.selenium.UnhandledAlertException: unexpected alert open
  (Session info: chrome=67.0.3396.99)
  (Driver info: chromedriver=2.35.528161 (5b82f2d2aae0ca24b877009200ced9065a772e73),platform=Windows NT 10.0.17134 x86_64) (WARNING: The server did not provide any stacktrace information)
Command duration or timeout: 0 milliseconds: null
Build info: version: '3.7.1', revision: '8a0099a', time: '2017-11-06T21:07:36.161Z'
System info: host: 'DESKTOP-JOMH3MQ', ip: '10.3.129.28', os.name: 'Windows 10', os.arch: 'amd64', os.version: '10.0', java.version: '1.8.0_102'
Driver info: com.kms.katalon.selenium.driver.CChromeDriver
Capabilities {acceptInsecureCerts: false, acceptSslCerts: false, applicationCacheEnabled: false, browserConnectionEnabled: false, browserName: chrome, chrome: {chromedriverVersion: 2.35.528161 (5b82f2d2aae0ca..., userDataDir: C:\Users\Benjamin\AppData\L...}, cssSelectorsEnabled: true, databaseEnabled: false, handlesAlerts: true, hasTouchScreen: false, javascriptEnabled: true, locationContextEnabled: true, mobileEmulationEnabled: false, nativeEvents: true, networkConnectionEnabled: false, pageLoadStrategy: normal, platform: XP, platformName: XP, rotatable: false, setWindowRect: true, takesHeapSnapshot: true, takesScreenshot: true, unexpectedAlertBehaviour: , unhandledPromptBehavior: , version: 67.0.3396.99, webStorageEnabled: true}
Session ID: 871fb3f56546ab406374436ded8f6ff5
*** Element info: {Using=xpath, value=//*[@class= "drillback-message"]/SPAN[2]})

2018-07-11 10:59:06 - [MESSAGE][PASSED] - Object: 'Object Repository/mainS3/3_Forms/v_toolbar_action' is clicked on

2018-07-11 10:59:06 - [MESSAGE][PASSED] - Wait for page load successfully

2018-07-11 11:03:09 - [MESSAGE][WARNING] - Cannot take screenshot

2018-07-11 11:03:09 - [MESSAGE][FAILED] - Unable to get text of object 'Object Repository/mainS3/3_Forms/v_status_message' (Root cause: org.openqa.selenium.UnhandledAlertException: unexpected alert open
  (Session info: chrome=67.0.3396.99)
  (Driver info: chromedriver=2.35.528161 (5b82f2d2aae0ca24b877009200ced9065a772e73),platform=Windows NT 10.0.17134 x86_64) (WARNING: The server did not provide any stacktrace information)
Command duration or timeout: 0 milliseconds: null
Build info: version: '3.7.1', revision: '8a0099a', time: '2017-11-06T21:07:36.161Z'
System info: host: 'DESKTOP-JOMH3MQ', ip: '10.3.129.28', os.name: 'Windows 10', os.arch: 'amd64', os.version: '10.0', java.version: '1.8.0_102'
Driver info: com.kms.katalon.selenium.driver.CChromeDriver
Capabilities {acceptInsecureCerts: false, acceptSslCerts: false, applicationCacheEnabled: false, browserConnectionEnabled: false, browserName: chrome, chrome: {chromedriverVersion: 2.35.528161 (5b82f2d2aae0ca..., userDataDir: C:\Users\Benjamin\AppData\L...}, cssSelectorsEnabled: true, databaseEnabled: false, handlesAlerts: true, hasTouchScreen: false, javascriptEnabled: true, locationContextEnabled: true, mobileEmulationEnabled: false, nativeEvents: true, networkConnectionEnabled: false, pageLoadStrategy: normal, platform: XP, platformName: XP, rotatable: false, setWindowRect: true, takesHeapSnapshot: true, takesScreenshot: true, unexpectedAlertBehaviour: , unhandledPromptBehavior: , version: 67.0.3396.99, webStorageEnabled: true}
Session ID: 871fb3f56546ab406374436ded8f6ff5
*** Element info: {Using=xpath, value=//*[@class= "drillback-message"]/SPAN[2]})

2018-07-11 11:03:09 - [MESSAGE][FAILED] - Unable to get text of object 'Object Repository/mainS3/3_Forms/v_status_message' (Root cause: org.openqa.selenium.UnhandledAlertException: unexpected alert open
  (Session info: chrome=67.0.3396.99)
  (Driver info: chromedriver=2.35.528161 (5b82f2d2aae0ca24b877009200ced9065a772e73),platform=Windows NT 10.0.17134 x86_64) (WARNING: The server did not provide any stacktrace information)
Command duration or timeout: 0 milliseconds: null
Build info: version: '3.7.1', revision: '8a0099a', time: '2017-11-06T21:07:36.161Z'
System info: host: 'DESKTOP-JOMH3MQ', ip: '10.3.129.28', os.name: 'Windows 10', os.arch: 'amd64', os.version: '10.0', java.version: '1.8.0_102'
Driver info: com.kms.katalon.selenium.driver.CChromeDriver
Capabilities {acceptInsecureCerts: false, acceptSslCerts: false, applicationCacheEnabled: false, browserConnectionEnabled: false, browserName: chrome, chrome: {chromedriverVersion: 2.35.528161 (5b82f2d2aae0ca..., userDataDir: C:\Users\Benjamin\AppData\L...}, cssSelectorsEnabled: true, databaseEnabled: false, handlesAlerts: true, hasTouchScreen: false, javascriptEnabled: true, locationContextEnabled: true, mobileEmulationEnabled: false, nativeEvents: true, networkConnectionEnabled: false, pageLoadStrategy: normal, platform: XP, platformName: XP, rotatable: false, setWindowRect: true, takesHeapSnapshot: true, takesScreenshot: true, unexpectedAlertBehaviour: , unhandledPromptBehavior: , version: 67.0.3396.99, webStorageEnabled: true}
Session ID: 871fb3f56546ab406374436ded8f6ff5
*** Element info: {Using=xpath, value=//*[@class= "drillback-message"]/SPAN[2]})]]></system-out>
         <system-err><![CDATA[2018-07-11 10:58:23 - [TEST_CASE][FAILED] - Test Cases/Custom Automations/ZI11-Add: Test Cases/Custom Automations/ZI11-Add FAILED because (of) Unable to get text of object 'Object Repository/mainS3/3_Forms/v_status_message' (Root cause: org.openqa.selenium.UnhandledAlertException: unexpected alert open
  (Session info: chrome=67.0.3396.99)
  (Driver info: chromedriver=2.35.528161 (5b82f2d2aae0ca24b877009200ced9065a772e73),platform=Windows NT 10.0.17134 x86_64) (WARNING: The server did not provide any stacktrace information)
Command duration or timeout: 0 milliseconds: null
Build info: version: '3.7.1', revision: '8a0099a', time: '2017-11-06T21:07:36.161Z'
System info: host: 'DESKTOP-JOMH3MQ', ip: '10.3.129.28', os.name: 'Windows 10', os.arch: 'amd64', os.version: '10.0', java.version: '1.8.0_102'
Driver info: com.kms.katalon.selenium.driver.CChromeDriver
Capabilities {acceptInsecureCerts: false, acceptSslCerts: false, applicationCacheEnabled: false, browserConnectionEnabled: false, browserName: chrome, chrome: {chromedriverVersion: 2.35.528161 (5b82f2d2aae0ca..., userDataDir: C:\Users\Benjamin\AppData\L...}, cssSelectorsEnabled: true, databaseEnabled: false, handlesAlerts: true, hasTouchScreen: false, javascriptEnabled: true, locationContextEnabled: true, mobileEmulationEnabled: false, nativeEvents: true, networkConnectionEnabled: false, pageLoadStrategy: normal, platform: XP, platformName: XP, rotatable: false, setWindowRect: true, takesHeapSnapshot: true, takesScreenshot: true, unexpectedAlertBehaviour: , unhandledPromptBehavior: , version: 67.0.3396.99, webStorageEnabled: true}
Session ID: 871fb3f56546ab406374436ded8f6ff5
*** Element info: {Using=xpath, value=//*[@class= "drillback-message"]/SPAN[2]})]]></system-err>
      </testcase>
      <system-out><![CDATA[2018-07-11 10:58:22 - [TEST_SUITE][FAILED] - Item Add Automation: Test Cases/Custom Automations/ZI11-Add FAILED because (of) Unable to get text of object 'Object Repository/mainS3/3_Forms/v_status_message' (Root cause: org.openqa.selenium.UnhandledAlertException: unexpected alert open
  (Session info: chrome=67.0.3396.99)
  (Driver info: chromedriver=2.35.528161 (5b82f2d2aae0ca24b877009200ced9065a772e73),platform=Windows NT 10.0.17134 x86_64) (WARNING: The server did not provide any stacktrace information)
Command duration or timeout: 0 milliseconds: null
Build info: version: '3.7.1', revision: '8a0099a', time: '2017-11-06T21:07:36.161Z'
System info: host: 'DESKTOP-JOMH3MQ', ip: '10.3.129.28', os.name: 'Windows 10', os.arch: 'amd64', os.version: '10.0', java.version: '1.8.0_102'
Driver info: com.kms.katalon.selenium.driver.CChromeDriver
Capabilities {acceptInsecureCerts: false, acceptSslCerts: false, applicationCacheEnabled: false, browserConnectionEnabled: false, browserName: chrome, chrome: {chromedriverVersion: 2.35.528161 (5b82f2d2aae0ca..., userDataDir: C:\Users\Benjamin\AppData\L...}, cssSelectorsEnabled: true, databaseEnabled: false, handlesAlerts: true, hasTouchScreen: false, javascriptEnabled: true, locationContextEnabled: true, mobileEmulationEnabled: false, nativeEvents: true, networkConnectionEnabled: false, pageLoadStrategy: normal, platform: XP, platformName: XP, rotatable: false, setWindowRect: true, takesHeapSnapshot: true, takesScreenshot: true, unexpectedAlertBehaviour: , unhandledPromptBehavior: , version: 67.0.3396.99, webStorageEnabled: true}
Session ID: 871fb3f56546ab406374436ded8f6ff5
*** Element info: {Using=xpath, value=//*[@class= "drillback-message"]/SPAN[2]})]]></system-out>
      <system-err><![CDATA[2018-07-11 10:58:22 - [TEST_SUITE][FAILED] - Item Add Automation: Test Cases/Custom Automations/ZI11-Add FAILED because (of) Unable to get text of object 'Object Repository/mainS3/3_Forms/v_status_message' (Root cause: org.openqa.selenium.UnhandledAlertException: unexpected alert open
  (Session info: chrome=67.0.3396.99)
  (Driver info: chromedriver=2.35.528161 (5b82f2d2aae0ca24b877009200ced9065a772e73),platform=Windows NT 10.0.17134 x86_64) (WARNING: The server did not provide any stacktrace information)
Command duration or timeout: 0 milliseconds: null
Build info: version: '3.7.1', revision: '8a0099a', time: '2017-11-06T21:07:36.161Z'
System info: host: 'DESKTOP-JOMH3MQ', ip: '10.3.129.28', os.name: 'Windows 10', os.arch: 'amd64', os.version: '10.0', java.version: '1.8.0_102'
Driver info: com.kms.katalon.selenium.driver.CChromeDriver
Capabilities {acceptInsecureCerts: false, acceptSslCerts: false, applicationCacheEnabled: false, browserConnectionEnabled: false, browserName: chrome, chrome: {chromedriverVersion: 2.35.528161 (5b82f2d2aae0ca..., userDataDir: C:\Users\Benjamin\AppData\L...}, cssSelectorsEnabled: true, databaseEnabled: false, handlesAlerts: true, hasTouchScreen: false, javascriptEnabled: true, locationContextEnabled: true, mobileEmulationEnabled: false, nativeEvents: true, networkConnectionEnabled: false, pageLoadStrategy: normal, platform: XP, platformName: XP, rotatable: false, setWindowRect: true, takesHeapSnapshot: true, takesScreenshot: true, unexpectedAlertBehaviour: , unhandledPromptBehavior: , version: 67.0.3396.99, webStorageEnabled: true}
Session ID: 871fb3f56546ab406374436ded8f6ff5
*** Element info: {Using=xpath, value=//*[@class= "drillback-message"]/SPAN[2]})]]></system-err>
   </testsuite>
</testsuites>
